Using pre-set license
Built from '2020.3/staging' branch; Version is '2020.3.17f1 (a4537701e4ab) revision 10769271'; Using compiler version '192528614'; Build Type 'Release'
OS: 'Windows 10 Pro; OS build 19043.1526; Version 2009; 64bit' Language: 'ru' Physical Memory: 16292 MB
BatchMode: 1, IsHumanControllingUs: 0, StartBugReporterOnCrash: 0, Is64bit: 1, IsPro: 0

COMMAND LINE ARGUMENTS:
C:\Program Files\Unity\Hub\Editor\2020.3.17f1\Editor\Unity.exe
-adb2
-batchMode
-noUpm
-name
AssetImportWorker1
-projectPath
C:/unity/GitHub/jrpg
-logFile
Logs/AssetImportWorker1.log
-srvPort
56422
Successfully changed project path to: C:/unity/GitHub/jrpg
C:/unity/GitHub/jrpg
Using Asset Import Pipeline V2.
Refreshing native plugins compatible for Editor in 60.76 ms, found 2 plugins.
Preloading 0 native plugins for Editor in 0.00 ms.
Initialize engine version: 2020.3.17f1 (a4537701e4ab)
[Subsystems] Discovering subsystems at path C:/Program Files/Unity/Hub/Editor/2020.3.17f1/Editor/Data/Resources/UnitySubsystems
[Subsystems] Discovering subsystems at path C:/unity/GitHub/jrpg/Assets
GfxDevice: creating device client; threaded=0
Direct3D:
    Version:  Direct3D 11.0 [level 11.1]
    Renderer: NVIDIA GeForce RTX 2060 (ID=0x1e89)
    Vendor:   
    VRAM:     5968 MB
    Driver:   30.0.14.7212
Initialize mono
Mono path[0] = 'C:/Program Files/Unity/Hub/Editor/2020.3.17f1/Editor/Data/Managed'
Mono path[1] = 'C:/Program Files/Unity/Hub/Editor/2020.3.17f1/Editor/Data/MonoBleedingEdge/lib/mono/unityjit'
Mono config path = 'C:/Program Files/Unity/Hub/Editor/2020.3.17f1/Editor/Data/MonoBleedingEdge/etc'
Using monoOptions --debugger-agent=transport=dt_socket,embedding=1,server=y,suspend=n,address=127.0.0.1:56212
Begin MonoManager ReloadAssembly
Registering precompiled unity dll's ...
Register platform support module: C:/Program Files/Unity/Hub/Editor/2020.3.17f1/Editor/Data/PlaybackEngines/WindowsStandaloneSupport/UnityEditor.WindowsStandalone.Extensions.dll
Registered in 0.001628 seconds.
Native extension for WindowsStandalone target not found
Refreshing native plugins compatible for Editor in 62.32 ms, found 2 plugins.
Preloading 0 native plugins for Editor in 0.00 ms.
Mono: successfully reloaded assembly
- Completed reload, in 11.522 seconds
Domain Reload Profiling:
	ReloadAssembly (11522ms)
		BeginReloadAssembly (65ms)
			ExecutionOrderSort (0ms)
			DisableScriptedObjects (0ms)
			BackupInstance (0ms)
			ReleaseScriptingObjects (0ms)
			CreateAndSetChildDomain (1ms)
		EndReloadAssembly (564ms)
			LoadAssemblies (63ms)
			RebuildTransferFunctionScriptingTraits (0ms)
			SetupTypeCache (262ms)
			ReleaseScriptCaches (0ms)
			RebuildScriptCaches (34ms)
			SetupLoadedEditorAssemblies (200ms)
				LogAssemblyErrors (0ms)
				InitializePlatformSupportModulesInManaged (4ms)
				SetLoadedEditorAssemblies (0ms)
				RefreshPlugins (62ms)
				BeforeProcessingInitializeOnLoad (16ms)
				ProcessInitializeOnLoadAttributes (85ms)
				ProcessInitializeOnLoadMethodAttributes (32ms)
				AfterProcessingInitializeOnLoad (0ms)
				EditorAssembliesLoaded (0ms)
			ExecutionOrderSort2 (0ms)
			AwakeInstancesAfterBackupRestoration (0ms)
Platform modules already initialized, skipping
Registering precompiled user dll's ...
Registered in 0.004803 seconds.
Begin MonoManager ReloadAssembly
Native extension for WindowsStandalone target not found
Refreshing native plugins compatible for Editor in 1.19 ms, found 2 plugins.
Preloading 0 native plugins for Editor in 0.00 ms.
Mono: successfully reloaded assembly
- Completed reload, in  1.286 seconds
Domain Reload Profiling:
	ReloadAssembly (1287ms)
		BeginReloadAssembly (149ms)
			ExecutionOrderSort (0ms)
			DisableScriptedObjects (5ms)
			BackupInstance (0ms)
			ReleaseScriptingObjects (0ms)
			CreateAndSetChildDomain (20ms)
		EndReloadAssembly (1077ms)
			LoadAssemblies (86ms)
			RebuildTransferFunctionScriptingTraits (0ms)
			SetupTypeCache (292ms)
			ReleaseScriptCaches (0ms)
			RebuildScriptCaches (59ms)
			SetupLoadedEditorAssemblies (538ms)
				LogAssemblyErrors (0ms)
				InitializePlatformSupportModulesInManaged (7ms)
				SetLoadedEditorAssemblies (1ms)
				RefreshPlugins (1ms)
				BeforeProcessingInitializeOnLoad (77ms)
				ProcessInitializeOnLoadAttributes (348ms)
				ProcessInitializeOnLoadMethodAttributes (97ms)
				AfterProcessingInitializeOnLoad (6ms)
				EditorAssembliesLoaded (0ms)
			ExecutionOrderSort2 (0ms)
			AwakeInstancesAfterBackupRestoration (7ms)
Platform modules already initialized, skipping
========================================================================
Worker process is ready to serve import requests
Launched and connected shader compiler UnityShaderCompiler.exe after 0.12 seconds
Refreshing native plugins compatible for Editor in 0.68 ms, found 2 plugins.
Preloading 0 native plugins for Editor in 0.00 ms.
Unloading 1770 Unused Serialized files (Serialized files now loaded: 0)
System memory in use before: 107.3 MB.
System memory in use after: 107.4 MB.

Unloading 26 unused Assets to reduce memory usage. Loaded Objects now: 2251.
Total: 2.691900 ms (FindLiveObjects: 0.185800 ms CreateObjectMapping: 0.064000 ms MarkObjects: 2.308000 ms  DeleteObjects: 0.133000 ms)

AssetImportParameters requested are different than current active one (requested -> active):
  custom:framework-win-MediaFoundation: 216162199b28c13a410421893ffa2e32 -> 
  custom:video-decoder-ogg-theora: a1e56fd34408186e4bbccfd4996cb3dc -> 
  custom:container-muxer-webm: aa71ff27fc2769a1b78a27578f13a17b -> 
  custom:container-demuxer-webm: 4f35f7cbe854078d1ac9338744f61a02 -> 
  custom:container-demuxer-ogg: 62fdf1f143b41e24485cea50d1cbac27 -> 
  custom:video-encoder-webm-vp8: eb34c28f22e8b96e1ab97ce403110664 -> 
  custom:video-decoder-webm-vp8: 9c59270c3fd7afecdb556c50c9e8de78 -> 
  custom:audio-decoder-ogg-vorbis: bf7c407c2cedff20999df2af8eb42d56 -> 
  custom:audio-encoder-webm-vorbis: bf7c407c2cedff20999df2af8eb42d56 -> 
========================================================================
Received Import Request.
  path: Assets/Blink/Tools/RPGBuilder/Characters/PLAYER_HumanMale.prefab
  artifactKey: Guid(1fb8a18395915ed4cb03838d275d8970) Importer(815301076,1909f56bfc062723c751e8b465ee728b)
Start importing Assets/Blink/Tools/RPGBuilder/Characters/PLAYER_HumanMale.prefab using Guid(1fb8a18395915ed4cb03838d275d8970) Importer(815301076,1909f56bfc062723c751e8b465ee728b)  -> (artifact id: '0271373694cc220b293729edcef8f97d') in 0.214065 seconds 
  Import took 0.220428 seconds .

========================================================================
Received Import Request.
  Time since last request: 0.105171 seconds.
  path: Assets/Blink/Tools/RPGBuilder/Characters/PLAYER_HumanMale.prefab
  artifactKey: Guid(1fb8a18395915ed4cb03838d275d8970) Importer(815301076,1909f56bfc062723c751e8b465ee728b)
Start importing Assets/Blink/Tools/RPGBuilder/Characters/PLAYER_HumanMale.prefab using Guid(1fb8a18395915ed4cb03838d275d8970) Importer(815301076,1909f56bfc062723c751e8b465ee728b)  -> (artifact id: '0271373694cc220b293729edcef8f97d') in 0.052573 seconds 
  Import took 0.059620 seconds .

========================================================================
Received Prepare
Refreshing native plugins compatible for Editor in 3.70 ms, found 2 plugins.
Preloading 0 native plugins for Editor in 0.00 ms.
Unloading 15 Unused Serialized files (Serialized files now loaded: 0)
System memory in use before: 90.6 MB.
System memory in use after: 90.8 MB.

Unloading 15 unused Assets to reduce memory usage. Loaded Objects now: 2260.
Total: 4.158200 ms (FindLiveObjects: 0.333800 ms CreateObjectMapping: 0.158400 ms MarkObjects: 3.649600 ms  DeleteObjects: 0.015500 ms)

AssetImportParameters requested are different than current active one (requested -> active):
  custom:framework-win-MediaFoundation: 216162199b28c13a410421893ffa2e32 -> 
  custom:video-decoder-ogg-theora: a1e56fd34408186e4bbccfd4996cb3dc -> 
  custom:container-muxer-webm: aa71ff27fc2769a1b78a27578f13a17b -> 
  custom:container-demuxer-webm: 4f35f7cbe854078d1ac9338744f61a02 -> 
  custom:container-demuxer-ogg: 62fdf1f143b41e24485cea50d1cbac27 -> 
  custom:video-encoder-webm-vp8: eb34c28f22e8b96e1ab97ce403110664 -> 
  custom:video-decoder-webm-vp8: 9c59270c3fd7afecdb556c50c9e8de78 -> 
  custom:audio-decoder-ogg-vorbis: bf7c407c2cedff20999df2af8eb42d56 -> 
  custom:audio-encoder-webm-vorbis: bf7c407c2cedff20999df2af8eb42d56 -> 
========================================================================
Received Import Request.
  Time since last request: 39.379936 seconds.
  path: Assets/Blink/Tools/RPGBuilder/Characters/PLAYER_HumanMale.prefab
  artifactKey: Guid(1fb8a18395915ed4cb03838d275d8970) Importer(815301076,1909f56bfc062723c751e8b465ee728b)
Start importing Assets/Blink/Tools/RPGBuilder/Characters/PLAYER_HumanMale.prefab using Guid(1fb8a18395915ed4cb03838d275d8970) Importer(815301076,1909f56bfc062723c751e8b465ee728b)  -> (artifact id: '5fa174bda594f75e871281760be42009') in 0.058960 seconds 
  Import took 0.065536 seconds .

========================================================================
Received Prepare
Registering precompiled user dll's ...
Registered in 0.004609 seconds.
Begin MonoManager ReloadAssembly
Native extension for WindowsStandalone target not found
Refreshing native plugins compatible for Editor in 0.95 ms, found 2 plugins.
Preloading 0 native plugins for Editor in 0.00 ms.
Instance of FusionRoot couldn't be created because there is no script with that name.
UnityEngine.StackTraceUtility:ExtractStackTrace ()
UnityEngine.ScriptableObject:CreateInstance (string)
KS.SceneFusion.sfPaths:FindFusionRoot ()
KS.SceneFusion.sfPaths:get_FusionRoot ()
KS.SceneFusion.Client.Editor.PluginExtensionManager:GetAsmdefAssetPath (string)
KS.SceneFusion.Client.Editor.PluginExtensionManager:UpdateReferencesToPluginAssemblies (string,string[],bool)
KS.SceneFusion.API.sfUtility:RemovePluginReferences (string,string[])
KS.SceneFusion.Extensions.ProBuilderExtension:.cctor () (at Assets/KinematicSoup/SceneFusion/Extensions/ProBuilder/Editor/ProBuilderExtension.cs:294)
System.Runtime.CompilerServices.RuntimeHelpers:RunClassConstructor (System.RuntimeTypeHandle)
UnityEditor.EditorAssemblies:ProcessInitializeOnLoadAttributes (System.Type[])

[Assets/KinematicSoup/SceneFusion/Extensions/ProBuilder/Editor/ProBuilderExtension.cs line 294]

[ERROR; KS.SceneFusion.sfPaths] Error detecting Scene Fusion folder: Unable to load script FusionRoot. Setting Scene Fusion folder to Assets/KinematicSoup/SceneFusion/
UnityEngine.StackTraceUtility:ExtractStackTrace ()
UnityEngine.DebugLogHandler:LogFormat (UnityEngine.LogType,UnityEngine.Object,string,object[])
UnityEngine.Logger:Log (UnityEngine.LogType,object,UnityEngine.Object)
UnityEngine.Debug:LogError (object,UnityEngine.Object)
KS.Reactor.ksLog:LogToUnity (KS.Reactor.ksLog/Level,string,string,object,int,int)
KS.Reactor.ksLog:LogToUnity (KS.Reactor.ksLog/Level,string,string,System.Exception,object)
KS.Reactor.ksLog:HandleLog (string,string,string,System.Exception,KS.Reactor.ksLog/Level,object)
KS.Reactor.ksLog:Log<string> (string,string,System.Exception,KS.Reactor.ksLog/Level,object)
KS.Reactor.ksLog:Error<string> (string,string)
KS.SceneFusion.sfPaths:UseDefaultFusionFolder (string)
KS.SceneFusion.sfPaths:FindFusionRoot ()
KS.SceneFusion.sfPaths:get_FusionRoot ()
KS.SceneFusion.Client.Editor.PluginExtensionManager:GetAsmdefAssetPath (string)
KS.SceneFusion.Client.Editor.PluginExtensionManager:UpdateReferencesToPluginAssemblies (string,string[],bool)
KS.SceneFusion.API.sfUtility:RemovePluginReferences (string,string[])
KS.SceneFusion.Extensions.ProBuilderExtension:.cctor () (at Assets/KinematicSoup/SceneFusion/Extensions/ProBuilder/Editor/ProBuilderExtension.cs:294)
System.Runtime.CompilerServices.RuntimeHelpers:RunClassConstructor (System.RuntimeTypeHandle)
UnityEditor.EditorAssemblies:ProcessInitializeOnLoadAttributes (System.Type[])

(Filename: Assets/KinematicSoup/SceneFusion/Extensions/ProBuilder/Editor/ProBuilderExtension.cs Line: 294)

System.Reflection.TargetInvocationException: Exception has been thrown by the target of an invocation. ---> System.NullReferenceException: Object reference not set to an instance of an object
  at XNodeEditor.NodeEditorAssetModProcessor.OnReloadEditor () [0x0004e] in C:\unity\GitHub\jrpg\Assets\Blink\Tools\RPGBuilder\ThirdPartyAssets\xNode-master\Scripts\Editor\NodeEditorAssetModProcessor.cs:55 
  at (wrapper managed-to-native) System.Reflection.MonoMethod.InternalInvoke(System.Reflection.MonoMethod,object,object[],System.Exception&)
  at System.Reflection.MonoMethod.Invoke (System.Object obj, System.Reflection.BindingFlags invokeAttr, System.Reflection.Binder binder, System.Object[] parameters, System.Globalization.CultureInfo culture) [0x00032] in <695d1cc93cca45069c528c15c9fdd749>:0 
   --- End of inner exception stack trace ---
  at System.Reflection.MonoMethod.Invoke (System.Object obj, System.Reflection.BindingFlags invokeAttr, System.Reflection.Binder binder, System.Object[] parameters, System.Globalization.CultureInfo culture) [0x00048] in <695d1cc93cca45069c528c15c9fdd749>:0 
  at System.Reflection.MethodBase.Invoke (System.Object obj, System.Object[] parameters) [0x00000] in <695d1cc93cca45069c528c15c9fdd749>:0 
  at UnityEditor.EditorAssemblies.ProcessInitializeOnLoadMethodAttributes () [0x00047] in <d0e4b8c1204147f3935b6e9c8b8565ad>:0 
UnityEngine.StackTraceUtility:ExtractStackTrace ()
UnityEngine.DebugLogHandler:LogFormat (UnityEngine.LogType,UnityEngine.Object,string,object[])
UnityEngine.Logger:Log (UnityEngine.LogType,object)
UnityEngine.Debug:LogError (object)
UnityEditor.EditorAssemblies:ProcessInitializeOnLoadMethodAttributes ()

Mono: successfully reloaded assembly
- Completed reload, in  1.117 seconds
Domain Reload Profiling:
	ReloadAssembly (1118ms)
		BeginReloadAssembly (109ms)
			ExecutionOrderSort (0ms)
			DisableScriptedObjects (4ms)
			BackupInstance (0ms)
			ReleaseScriptingObjects (0ms)
			CreateAndSetChildDomain (41ms)
		EndReloadAssembly (953ms)
			LoadAssemblies (77ms)
			RebuildTransferFunctionScriptingTraits (0ms)
			SetupTypeCache (274ms)
			ReleaseScriptCaches (1ms)
			RebuildScriptCaches (42ms)
			SetupLoadedEditorAssemblies (459ms)
				LogAssemblyErrors (0ms)
				InitializePlatformSupportModulesInManaged (5ms)
				SetLoadedEditorAssemblies (0ms)
				RefreshPlugins (1ms)
				BeforeProcessingInitializeOnLoad (69ms)
				ProcessInitializeOnLoadAttributes (282ms)
				ProcessInitializeOnLoadMethodAttributes (95ms)
				AfterProcessingInitializeOnLoad (5ms)
				EditorAssembliesLoaded (0ms)
			ExecutionOrderSort2 (0ms)
			AwakeInstancesAfterBackupRestoration (7ms)
Platform modules already initialized, skipping
Refreshing native plugins compatible for Editor in 0.68 ms, found 2 plugins.
Preloading 0 native plugins for Editor in 0.00 ms.
Unloading 1715 Unused Serialized files (Serialized files now loaded: 0)
System memory in use before: 128.1 MB.
System memory in use after: 128.2 MB.

Unloading 21 unused Assets to reduce memory usage. Loaded Objects now: 2262.
Total: 2.758700 ms (FindLiveObjects: 0.201800 ms CreateObjectMapping: 0.071100 ms MarkObjects: 2.458400 ms  DeleteObjects: 0.026100 ms)

AssetImportParameters requested are different than current active one (requested -> active):
  custom:framework-win-MediaFoundation: 216162199b28c13a410421893ffa2e32 -> 
  custom:video-decoder-ogg-theora: a1e56fd34408186e4bbccfd4996cb3dc -> 
  custom:container-muxer-webm: aa71ff27fc2769a1b78a27578f13a17b -> 
  custom:container-demuxer-webm: 4f35f7cbe854078d1ac9338744f61a02 -> 
  custom:container-demuxer-ogg: 62fdf1f143b41e24485cea50d1cbac27 -> 
  custom:video-encoder-webm-vp8: eb34c28f22e8b96e1ab97ce403110664 -> 
  custom:video-decoder-webm-vp8: 9c59270c3fd7afecdb556c50c9e8de78 -> 
  custom:audio-decoder-ogg-vorbis: bf7c407c2cedff20999df2af8eb42d56 -> 
  custom:audio-encoder-webm-vorbis: bf7c407c2cedff20999df2af8eb42d56 -> 
========================================================================
Received Import Request.
  Time since last request: 141.366489 seconds.
  path: Assets/Blink/Tools/RPGBuilder/Characters/PLAYER_HumanMale.prefab
  artifactKey: Guid(1fb8a18395915ed4cb03838d275d8970) Importer(815301076,1909f56bfc062723c751e8b465ee728b)
Start importing Assets/Blink/Tools/RPGBuilder/Characters/PLAYER_HumanMale.prefab using Guid(1fb8a18395915ed4cb03838d275d8970) Importer(815301076,1909f56bfc062723c751e8b465ee728b)  -> (artifact id: 'dd6da70e2b1711fa8e86ea35919e1543') in 0.166616 seconds 
  Import took 0.174147 seconds .

